<?xml version="1.0" encoding="UTF-8"?>
<testsuite xmlns:xsi="http://www.w3.org/2001/XMLSchema-instance" xsi:schemaLocation="https://maven.apache.org/surefire/maven-surefire-plugin/xsd/surefire-test-report.xsd" name="com.cucumber.runner.CucumberRunner" time="80.011" tests="54" errors="0" skipped="4" failures="4">
  <properties>
[...]
</properties>
  <testcase name="Then Page title is &quot;Gmail&quot;" classname="Scenario: Verify gmail login page title" time="0.001"/>
  <testcase name="Scenario: Verify gmail login page title" classname="Scenario: Verify gmail login page title" time="0.002"/>
  <testcase name="When I enter mail id as &quot;abc43urrrfe&quot;" classname="| abc43urrrfe | Sorry, Google doesn&apos;t recognize that email. |" time="0"/>
  <testcase name="Then I see invalid mail id error &quot;Sorry, Google doesn&apos;t recognize that email.&quot;" classname="| abc43urrrfe | Sorry, Google doesn&apos;t recognize that email. |" time="0"/>
  <testcase name="| abc43urrrfe | Sorry, Google doesn&apos;t recognize that email. |" classname="| abc43urrrfe | Sorry, Google doesn&apos;t recognize that email. |" time="0"/>
  <testcase name="When I enter mail id as &quot;&quot;" classname="|  | Please enter your email. |" time="0"/>
  <testcase name="Then I see invalid mail id error &quot;Please enter your email.&quot;" classname="|  | Please enter your email. |" time="0"/>
  <testcase name="|  | Please enter your email. |" classname="|  | Please enter your email. |" time="0.004"/>
  <testcase name="When I enter mail id as &quot;akshay19vit&quot;" classname="| akshay19vit | 244567bdkbf | Wrong password. Try again. |" time="0"/>
  <testcase name="And password as &quot;244567bdkbf&quot;" classname="| akshay19vit | 244567bdkbf | Wrong password. Try again. |" time="0"/>
  <testcase name="Then I see wrong password error &quot;Wrong password. Try again.&quot;" classname="| akshay19vit | 244567bdkbf | Wrong password. Try again. |" time="0"/>
  <testcase name="| akshay19vit | 244567bdkbf | Wrong password. Try again. |" classname="| akshay19vit | 244567bdkbf | Wrong password. Try again. |" time="0"/>
  <testcase name="When I enter mail id as &quot;akshay19vit&quot;" classname="| akshay19vit |  | Please enter your password. |" time="0"/>
  <testcase name="And password as &quot;&quot;" classname="| akshay19vit |  | Please enter your password. |" time="0.002"/>
  <testcase name="Then I see wrong password error &quot;Please enter your password.&quot;" classname="| akshay19vit |  | Please enter your password. |" time="0"/>
  <testcase name="| akshay19vit |  | Please enter your password. |" classname="| akshay19vit |  | Please enter your password. |" time="0"/>
  <testcase name="Then Page title is &quot;Create your Google Account&quot;" classname="Scenario: Verify signup page title" time="0"/>
  <testcase name="Scenario: Verify signup page title" classname="Scenario: Verify signup page title" time="0"/>
  <testcase name="When I fill the details as &quot;akshay&quot;,&quot;gupta&quot;,&quot;akshay19vit&quot;,&quot;abcd1234@1324&quot;,&quot;abcd1234@1324&quot;,&quot;7387152444&quot;,&quot;recover1234@gmail.com&quot;" classname="| akshay | gupta | akshay19vit | abcd1234@1324 | abcd1234@1324 | 7387152444 | recover1234@gmail.com | That username is taken. Try another. | errormsg_0_GmailAddress |" time="0"/>
  <testcase name="Then I see error message saying &quot;That username is taken. Try another.&quot; located at &quot;errormsg_0_GmailAddress&quot;" classname="| akshay | gupta | akshay19vit | abcd1234@1324 | abcd1234@1324 | 7387152444 | recover1234@gmail.com | That username is taken. Try another. | errormsg_0_GmailAddress |" time="0"/>
  <testcase name="| akshay | gupta | akshay19vit | abcd1234@1324 | abcd1234@1324 | 7387152444 | recover1234@gmail.com | That username is taken. Try another. | errormsg_0_GmailAddress |" classname="| akshay | gupta | akshay19vit | abcd1234@1324 | abcd1234@1324 | 7387152444 | recover1234@gmail.com | That username is taken. Try another. | errormsg_0_GmailAddress |" time="0"/>
  <testcase name="When I fill the details as &quot;akshay&quot;,&quot;gupta&quot;,&quot;akshay19432&quot;,&quot;abcd1234@1325&quot;,&quot;abcd1234@1324&quot;,&quot;7387152444&quot;,&quot;recover1234@gmail.com&quot;" classname="| akshay | gupta | akshay19432 | abcd1234@1325 | abcd1234@1324 | 7387152444 | recover1234@gmail.com | These passwords don&apos;t match. Try again? | errormsg_0_PasswdAgain |" time="0.001"/>
  <testcase name="Then I see error message saying &quot;These passwords don&apos;t match. Try again?&quot; located at &quot;errormsg_0_PasswdAgain&quot;" classname="| akshay | gupta | akshay19432 | abcd1234@1325 | abcd1234@1324 | 7387152444 | recover1234@gmail.com | These passwords don&apos;t match. Try again? | errormsg_0_PasswdAgain |" time="0"/>
  <testcase name="| akshay | gupta | akshay19432 | abcd1234@1325 | abcd1234@1324 | 7387152444 | recover1234@gmail.com | These passwords don&apos;t match. Try again? | errormsg_0_PasswdAgain |" classname="| akshay | gupta | akshay19432 | abcd1234@1325 | abcd1234@1324 | 7387152444 | recover1234@gmail.com | These passwords don&apos;t match. Try again? | errormsg_0_PasswdAgain |" time="0.002"/>
  <testcase name="When I fill the details as &quot;akshay&quot;,&quot;gupta&quot;,&quot;akshay24463&quot;,&quot;abcd1234@1324&quot;,&quot;abcd1234@1324&quot;,&quot;73871522444&quot;,&quot;recover1234@gmail.com&quot;" classname="| akshay | gupta | akshay24463 | abcd1234@1324 | abcd1234@1324 | 73871522444 | recover1234@gmail.com | This phone number format is not recognized. Please check the country and number. | errormsg_0_RecoveryPhoneNumber |" time="0"/>
  <testcase name="Then I see error message saying &quot;This phone number format is not recognized. Please check the country and number.&quot; located at &quot;errormsg_0_RecoveryPhoneNumber&quot;" classname="| akshay | gupta | akshay24463 | abcd1234@1324 | abcd1234@1324 | 73871522444 | recover1234@gmail.com | This phone number format is not recognized. Please check the country and number. | errormsg_0_RecoveryPhoneNumber |" time="0.001"/>
  <testcase name="| akshay | gupta | akshay24463 | abcd1234@1324 | abcd1234@1324 | 73871522444 | recover1234@gmail.com | This phone number format is not recognized. Please check the country and number. | errormsg_0_RecoveryPhoneNumber |" classname="| akshay | gupta | akshay24463 | abcd1234@1324 | abcd1234@1324 | 73871522444 | recover1234@gmail.com | This phone number format is not recognized. Please check the country and number. | errormsg_0_RecoveryPhoneNumber |" time="0.002"/>
  <testcase name="When I fill the details as &quot;akshay&quot;,&quot;gupta&quot;,&quot;akshay&amp;*@!$&quot;,&quot;abcd1234@1324&quot;,&quot;abcd1234@1324&quot;,&quot;7387152444&quot;,&quot;recover1234@gmail.com&quot;(| akshay | gupta | akshay&amp;*@!$ | abcd1234@1324 | abcd1234@1324 | 7387152444 | recover1234@gmail.com | Please use only letters " classname="When I fill the details as &quot;akshay&quot;,&quot;gupta&quot;,&quot;akshay&amp;*@!$&quot;,&quot;abcd1234@1324&quot;,&quot;abcd1234@1324&quot;,&quot;7387152444&quot;,&quot;recover1234@gmail.com&quot;(| akshay | gupta | akshay&amp;*@!$ | abcd1234@1324 | abcd1234@1324 | 7387152444 | recover1234@gmail.com | Please use only letters (a-z), numbers, and periods. | errormsg_0_GmailAddress |)" time="0"/>
  <testcase name="Then I see error message saying &quot;Please use only letters (a-z), numbers, and periods.&quot; located at &quot;errormsg_0_GmailAddress&quot;(| akshay | gupta | akshay&amp;*@!$ | abcd1234@1324 | abcd1234@1324 | 7387152444 | recover1234@gmail.com | Please use only letters " classname="Then I see error message saying &quot;Please use only letters (a-z), numbers, and periods.&quot; located at &quot;errormsg_0_GmailAddress&quot;(| akshay | gupta | akshay&amp;*@!$ | abcd1234@1324 | abcd1234@1324 | 7387152444 | recover1234@gmail.com | Please use only letters (a-z), numbers, and periods. | errormsg_0_GmailAddress |)" time="0"/>
  <testcase name="| akshay | gupta | akshay&amp;*@!$ | abcd1234@1324 | abcd1234@1324 | 7387152444 | recover1234@gmail.com | Please use only letters " classname="| akshay | gupta | akshay&amp;*@!$ | abcd1234@1324 | abcd1234@1324 | 7387152444 | recover1234@gmail.com | Please use only letters (a-z), numbers, and periods. | errormsg_0_GmailAddress |" time="0.001"/>
  <testcase name="When I click on next step" classname="Scenario: Verify mandatory fields" time="0"/>
  <testcase name="When I click on next step" classname="Scenario: Verify mandatory fields" time="0"/>
  <testcase name="When I click on next step" classname="Scenario: Verify mandatory fields" time="0"/>
  <testcase name="Then I see name field mandatory" classname="Scenario: Verify mandatory fields" time="0"/>
  <testcase name="Then I see name field mandatory" classname="Scenario: Verify mandatory fields" time="0"/>
  <testcase name="Then I see name field mandatory" classname="Scenario: Verify mandatory fields" time="0"/>
  <testcase name="And I see username field mandatory" classname="Scenario: Verify mandatory fields" time="0"/>
  <testcase name="And I see username field mandatory" classname="Scenario: Verify mandatory fields" time="0"/>
  <testcase name="And I see username field mandatory" classname="Scenario: Verify mandatory fields" time="0"/>
  <testcase name="And I see password field mandatory" classname="Scenario: Verify mandatory fields" time="0"/>
  <testcase name="And I see password field mandatory" classname="Scenario: Verify mandatory fields" time="0"/>
  <testcase name="And I see password field mandatory" classname="Scenario: Verify mandatory fields" time="0"/>
  <testcase name="And I see confirm password field mandatory" classname="Scenario: Verify mandatory fields" time="0.008">
    <failure message="expected:&lt;[You can&apos;t leave this empty].&gt; but was:&lt;[Confirm your password here].&gt;" type="org.junit.ComparisonFailure"><![CDATA[org.junit.ComparisonFailure: expected:<[You can't leave this empty].> but was:<[Confirm your password here].>
]]></failure>
  </testcase>
  <testcase name="And I see confirm password field mandatory" classname="Scenario: Verify mandatory fields" time="0.001">
    <failure message="expected:&lt;[You can&apos;t leave this empty].&gt; but was:&lt;[Confirm your password here].&gt;" type="org.junit.ComparisonFailure"><![CDATA[org.junit.ComparisonFailure: expected:<[You can't leave this empty].> but was:<[Confirm your password here].>
]]></failure>
  </testcase>
  <testcase name="And I see confirm password field mandatory" classname="Scenario: Verify mandatory fields" time="0.001"/>
  <testcase name="Scenario: Verify mandatory fields" classname="Scenario: Verify mandatory fields" time="0.008">
    <failure message="expected:&lt;[You can&apos;t leave this empty].&gt; but was:&lt;[Confirm your password here].&gt;" type="org.junit.ComparisonFailure"><![CDATA[org.junit.ComparisonFailure: expected:<[You can't leave this empty].> but was:<[Confirm your password here].>
]]></failure>
  </testcase>
  <testcase name="Scenario: Verify mandatory fields" classname="Scenario: Verify mandatory fields" time="0.002">
    <failure message="expected:&lt;[You can&apos;t leave this empty].&gt; but was:&lt;[Confirm your password here].&gt;" type="org.junit.ComparisonFailure"><![CDATA[org.junit.ComparisonFailure: expected:<[You can't leave this empty].> but was:<[Confirm your password here].>
]]></failure>
  </testcase>
  <testcase name="Scenario: Verify mandatory fields" classname="Scenario: Verify mandatory fields" time="0"/>
  <testcase name="And I see birthday field mandatory" classname="Scenario: Verify mandatory fields" time="0">
    <skipped/>
  </testcase>
  <testcase name="And I see birthday field mandatory" classname="Scenario: Verify mandatory fields" time="0">
    <skipped/>
  </testcase>
  <testcase name="And I see birthday field mandatory" classname="Scenario: Verify mandatory fields" time="0"/>
  <testcase name="And I see gender field mandatory" classname="Scenario: Verify mandatory fields" time="0">
    <skipped/>
  </testcase>
  <testcase name="And I see gender field mandatory" classname="Scenario: Verify mandatory fields" time="0">
    <skipped/>
  </testcase>
  <testcase name="And I see gender field mandatory" classname="Scenario: Verify mandatory fields" time="0"/>
</testsuite>